<?xml version="1.0" encoding="UTF-8"?>
<!-- Generated by org.testng.reporters.JUnitReportReporter -->
<testsuite hostname="LAPTOP-G0DUN5JF" failures="0" tests="1" name="TestLayer.RegisterPageTest" time="1.010" errors="0" timestamp="2024-01-12T19:21:28 IST" skipped="0">
  <testcase classname="TestLayer.RegisterPageTest" name="validateRegisterUserFunctionality" time="1.010"/>
  <system-out/>
</testsuite> <!-- TestLayer.RegisterPageTest -->
