<?xml version="1.0" encoding="UTF-8"?>
<!-- Generated by org.testng.reporters.JUnitReportReporter -->
<testsuite hostname="LAPTOP-G0DUN5JF" failures="0" tests="1" name="TestLayer.RegisterPageTest" time="2.922" errors="0" timestamp="2024-04-03T20:23:32 IST" skipped="0">
  <testcase classname="TestLayer.RegisterPageTest" name="validateRegisterUserFunctionality" time="2.922"/>
  <system-out/>
</testsuite> <!-- TestLayer.RegisterPageTest -->
